2025-07-20 14:00:47,702 [Worker-6: Loading available Gradle versions] INFO  o.e.b.c.i.u.g.PublishedGradleVersions - Gradle version information cache is not available. Remote download required.
2025-07-20 14:03:23,325 [Worker-6: Launching mavenrun-23f736ee-e6ee-47a4-abe1-ac86061fd12a] INFO  o.eclipse.m2e.core.internal.Bundles - getClasspathEntries(Bundle=org.eclipse.m2e.maven.runtime_3.9.900.20250220-2013 [298])
2025-07-20 14:03:23,327 [Worker-6: Launching mavenrun-23f736ee-e6ee-47a4-abe1-ac86061fd12a] INFO  o.eclipse.m2e.core.internal.Bundles - 	Entry: C:\Users\ale_v\.p2\pool\plugins\org.eclipse.m2e.maven.runtime_3.9.900.20250220-2013
2025-07-20 14:03:23,328 [Worker-6: Launching mavenrun-23f736ee-e6ee-47a4-abe1-ac86061fd12a] INFO  o.eclipse.m2e.core.internal.Bundles - 	Entry: C:\Users\ale_v\.p2\pool\plugins\org.eclipse.m2e.maven.runtime_3.9.900.20250220-2013\jars\aopalliance-1.0.jar
2025-07-20 14:03:23,328 [Worker-6: Launching mavenrun-23f736ee-e6ee-47a4-abe1-ac86061fd12a] INFO  o.eclipse.m2e.core.internal.Bundles - 	Entry: C:\Users\ale_v\.p2\pool\plugins\org.eclipse.m2e.maven.runtime_3.9.900.20250220-2013\jars\guice-5.1.0.jar
2025-07-20 14:03:23,328 [Worker-6: Launching mavenrun-23f736ee-e6ee-47a4-abe1-ac86061fd12a] INFO  o.eclipse.m2e.core.internal.Bundles - 	Entry: C:\Users\ale_v\.p2\pool\plugins\org.eclipse.m2e.maven.runtime_3.9.900.20250220-2013\jars\httpclient-4.5.14.jar
2025-07-20 14:03:23,329 [Worker-6: Launching mavenrun-23f736ee-e6ee-47a4-abe1-ac86061fd12a] INFO  o.eclipse.m2e.core.internal.Bundles - 	Entry: C:\Users\ale_v\.p2\pool\plugins\org.eclipse.m2e.maven.runtime_3.9.900.20250220-2013\jars\httpcore-4.4.16.jar
2025-07-20 14:03:23,329 [Worker-6: Launching mavenrun-23f736ee-e6ee-47a4-abe1-ac86061fd12a] INFO  o.eclipse.m2e.core.internal.Bundles - 	Entry: C:\Users\ale_v\.p2\pool\plugins\org.eclipse.m2e.maven.runtime_3.9.900.20250220-2013\jars\jansi-2.4.1.jar
2025-07-20 14:03:23,329 [Worker-6: Launching mavenrun-23f736ee-e6ee-47a4-abe1-ac86061fd12a] INFO  o.eclipse.m2e.core.internal.Bundles - 	Entry: C:\Users\ale_v\.p2\pool\plugins\org.eclipse.m2e.maven.runtime_3.9.900.20250220-2013\jars\jcl-over-slf4j-1.7.36.jar
2025-07-20 14:03:23,329 [Worker-6: Launching mavenrun-23f736ee-e6ee-47a4-abe1-ac86061fd12a] INFO  o.eclipse.m2e.core.internal.Bundles - 	Entry: C:\Users\ale_v\.p2\pool\plugins\org.eclipse.m2e.maven.runtime_3.9.900.20250220-2013\jars\maven-artifact-3.9.9.jar
2025-07-20 14:03:23,329 [Worker-6: Launching mavenrun-23f736ee-e6ee-47a4-abe1-ac86061fd12a] INFO  o.eclipse.m2e.core.internal.Bundles - 	Entry: C:\Users\ale_v\.p2\pool\plugins\org.eclipse.m2e.maven.runtime_3.9.900.20250220-2013\jars\maven-builder-support-3.9.9.jar
2025-07-20 14:03:23,329 [Worker-6: Launching mavenrun-23f736ee-e6ee-47a4-abe1-ac86061fd12a] INFO  o.eclipse.m2e.core.internal.Bundles - 	Entry: C:\Users\ale_v\.p2\pool\plugins\org.eclipse.m2e.maven.runtime_3.9.900.20250220-2013\jars\maven-compat-3.9.9.jar
2025-07-20 14:03:23,329 [Worker-6: Launching mavenrun-23f736ee-e6ee-47a4-abe1-ac86061fd12a] INFO  o.eclipse.m2e.core.internal.Bundles - 	Entry: C:\Users\ale_v\.p2\pool\plugins\org.eclipse.m2e.maven.runtime_3.9.900.20250220-2013\jars\maven-core-3.9.9.jar
2025-07-20 14:03:23,329 [Worker-6: Launching mavenrun-23f736ee-e6ee-47a4-abe1-ac86061fd12a] INFO  o.eclipse.m2e.core.internal.Bundles - 	Entry: C:\Users\ale_v\.p2\pool\plugins\org.eclipse.m2e.maven.runtime_3.9.900.20250220-2013\jars\maven-embedder-3.9.9.jar
2025-07-20 14:03:23,330 [Worker-6: Launching mavenrun-23f736ee-e6ee-47a4-abe1-ac86061fd12a] INFO  o.eclipse.m2e.core.internal.Bundles - 	Entry: C:\Users\ale_v\.p2\pool\plugins\org.eclipse.m2e.maven.runtime_3.9.900.20250220-2013\jars\maven-model-3.9.9.jar
2025-07-20 14:03:23,330 [Worker-6: Launching mavenrun-23f736ee-e6ee-47a4-abe1-ac86061fd12a] INFO  o.eclipse.m2e.core.internal.Bundles - 	Entry: C:\Users\ale_v\.p2\pool\plugins\org.eclipse.m2e.maven.runtime_3.9.900.20250220-2013\jars\maven-model-builder-3.9.9.jar
2025-07-20 14:03:23,330 [Worker-6: Launching mavenrun-23f736ee-e6ee-47a4-abe1-ac86061fd12a] INFO  o.eclipse.m2e.core.internal.Bundles - 	Entry: C:\Users\ale_v\.p2\pool\plugins\org.eclipse.m2e.maven.runtime_3.9.900.20250220-2013\jars\maven-plugin-api-3.9.9.jar
2025-07-20 14:03:23,330 [Worker-6: Launching mavenrun-23f736ee-e6ee-47a4-abe1-ac86061fd12a] INFO  o.eclipse.m2e.core.internal.Bundles - 	Entry: C:\Users\ale_v\.p2\pool\plugins\org.eclipse.m2e.maven.runtime_3.9.900.20250220-2013\jars\maven-repository-metadata-3.9.9.jar
2025-07-20 14:03:23,330 [Worker-6: Launching mavenrun-23f736ee-e6ee-47a4-abe1-ac86061fd12a] INFO  o.eclipse.m2e.core.internal.Bundles - 	Entry: C:\Users\ale_v\.p2\pool\plugins\org.eclipse.m2e.maven.runtime_3.9.900.20250220-2013\jars\maven-resolver-api-1.9.22.jar
2025-07-20 14:03:23,330 [Worker-6: Launching mavenrun-23f736ee-e6ee-47a4-abe1-ac86061fd12a] INFO  o.eclipse.m2e.core.internal.Bundles - 	Entry: C:\Users\ale_v\.p2\pool\plugins\org.eclipse.m2e.maven.runtime_3.9.900.20250220-2013\jars\maven-resolver-connector-basic-1.9.22.jar
2025-07-20 14:03:23,330 [Worker-6: Launching mavenrun-23f736ee-e6ee-47a4-abe1-ac86061fd12a] INFO  o.eclipse.m2e.core.internal.Bundles - 	Entry: C:\Users\ale_v\.p2\pool\plugins\org.eclipse.m2e.maven.runtime_3.9.900.20250220-2013\jars\maven-resolver-impl-1.9.22.jar
2025-07-20 14:03:23,330 [Worker-6: Launching mavenrun-23f736ee-e6ee-47a4-abe1-ac86061fd12a] INFO  o.eclipse.m2e.core.internal.Bundles - 	Entry: C:\Users\ale_v\.p2\pool\plugins\org.eclipse.m2e.maven.runtime_3.9.900.20250220-2013\jars\maven-resolver-named-locks-1.9.22.jar
2025-07-20 14:03:23,331 [Worker-6: Launching mavenrun-23f736ee-e6ee-47a4-abe1-ac86061fd12a] INFO  o.eclipse.m2e.core.internal.Bundles - 	Entry: C:\Users\ale_v\.p2\pool\plugins\org.eclipse.m2e.maven.runtime_3.9.900.20250220-2013\jars\maven-resolver-provider-3.9.9.jar
2025-07-20 14:03:23,331 [Worker-6: Launching mavenrun-23f736ee-e6ee-47a4-abe1-ac86061fd12a] INFO  o.eclipse.m2e.core.internal.Bundles - 	Entry: C:\Users\ale_v\.p2\pool\plugins\org.eclipse.m2e.maven.runtime_3.9.900.20250220-2013\jars\maven-resolver-spi-1.9.22.jar
2025-07-20 14:03:23,331 [Worker-6: Launching mavenrun-23f736ee-e6ee-47a4-abe1-ac86061fd12a] INFO  o.eclipse.m2e.core.internal.Bundles - 	Entry: C:\Users\ale_v\.p2\pool\plugins\org.eclipse.m2e.maven.runtime_3.9.900.20250220-2013\jars\maven-resolver-transport-file-1.9.22.jar
2025-07-20 14:03:23,331 [Worker-6: Launching mavenrun-23f736ee-e6ee-47a4-abe1-ac86061fd12a] INFO  o.eclipse.m2e.core.internal.Bundles - 	Entry: C:\Users\ale_v\.p2\pool\plugins\org.eclipse.m2e.maven.runtime_3.9.900.20250220-2013\jars\maven-resolver-transport-http-1.9.22.jar
2025-07-20 14:03:23,331 [Worker-6: Launching mavenrun-23f736ee-e6ee-47a4-abe1-ac86061fd12a] INFO  o.eclipse.m2e.core.internal.Bundles - 	Entry: C:\Users\ale_v\.p2\pool\plugins\org.eclipse.m2e.maven.runtime_3.9.900.20250220-2013\jars\maven-resolver-transport-wagon-1.9.22.jar
2025-07-20 14:03:23,331 [Worker-6: Launching mavenrun-23f736ee-e6ee-47a4-abe1-ac86061fd12a] INFO  o.eclipse.m2e.core.internal.Bundles - 	Entry: C:\Users\ale_v\.p2\pool\plugins\org.eclipse.m2e.maven.runtime_3.9.900.20250220-2013\jars\maven-resolver-util-1.9.22.jar
2025-07-20 14:03:23,331 [Worker-6: Launching mavenrun-23f736ee-e6ee-47a4-abe1-ac86061fd12a] INFO  o.eclipse.m2e.core.internal.Bundles - 	Entry: C:\Users\ale_v\.p2\pool\plugins\org.eclipse.m2e.maven.runtime_3.9.900.20250220-2013\jars\maven-settings-3.9.9.jar
2025-07-20 14:03:23,331 [Worker-6: Launching mavenrun-23f736ee-e6ee-47a4-abe1-ac86061fd12a] INFO  o.eclipse.m2e.core.internal.Bundles - 	Entry: C:\Users\ale_v\.p2\pool\plugins\org.eclipse.m2e.maven.runtime_3.9.900.20250220-2013\jars\maven-settings-builder-3.9.9.jar
2025-07-20 14:03:23,331 [Worker-6: Launching mavenrun-23f736ee-e6ee-47a4-abe1-ac86061fd12a] INFO  o.eclipse.m2e.core.internal.Bundles - 	Entry: C:\Users\ale_v\.p2\pool\plugins\org.eclipse.m2e.maven.runtime_3.9.900.20250220-2013\jars\maven-shared-utils-3.4.2.jar
2025-07-20 14:03:23,332 [Worker-6: Launching mavenrun-23f736ee-e6ee-47a4-abe1-ac86061fd12a] INFO  o.eclipse.m2e.core.internal.Bundles - 	Entry: C:\Users\ale_v\.p2\pool\plugins\org.eclipse.m2e.maven.runtime_3.9.900.20250220-2013\jars\org.eclipse.sisu.inject-0.9.0.M3.jar
2025-07-20 14:03:23,332 [Worker-6: Launching mavenrun-23f736ee-e6ee-47a4-abe1-ac86061fd12a] INFO  o.eclipse.m2e.core.internal.Bundles - 	Entry: C:\Users\ale_v\.p2\pool\plugins\org.eclipse.m2e.maven.runtime_3.9.900.20250220-2013\jars\org.eclipse.sisu.plexus-0.9.0.M3.jar
2025-07-20 14:03:23,332 [Worker-6: Launching mavenrun-23f736ee-e6ee-47a4-abe1-ac86061fd12a] INFO  o.eclipse.m2e.core.internal.Bundles - 	Entry: C:\Users\ale_v\.p2\pool\plugins\org.eclipse.m2e.maven.runtime_3.9.900.20250220-2013\jars\plexus-build-api-0.0.7.jar
2025-07-20 14:03:23,332 [Worker-6: Launching mavenrun-23f736ee-e6ee-47a4-abe1-ac86061fd12a] INFO  o.eclipse.m2e.core.internal.Bundles - 	Entry: C:\Users\ale_v\.p2\pool\plugins\org.eclipse.m2e.maven.runtime_3.9.900.20250220-2013\jars\plexus-build-api-1.2.0.jar
2025-07-20 14:03:23,332 [Worker-6: Launching mavenrun-23f736ee-e6ee-47a4-abe1-ac86061fd12a] INFO  o.eclipse.m2e.core.internal.Bundles - 	Entry: C:\Users\ale_v\.p2\pool\plugins\org.eclipse.m2e.maven.runtime_3.9.900.20250220-2013\jars\plexus-cipher-2.0.jar
2025-07-20 14:03:23,332 [Worker-6: Launching mavenrun-23f736ee-e6ee-47a4-abe1-ac86061fd12a] INFO  o.eclipse.m2e.core.internal.Bundles - 	Entry: C:\Users\ale_v\.p2\pool\plugins\org.eclipse.m2e.maven.runtime_3.9.900.20250220-2013\jars\plexus-classworlds-2.8.0.jar
2025-07-20 14:03:23,332 [Worker-6: Launching mavenrun-23f736ee-e6ee-47a4-abe1-ac86061fd12a] INFO  o.eclipse.m2e.core.internal.Bundles - 	Entry: C:\Users\ale_v\.p2\pool\plugins\org.eclipse.m2e.maven.runtime_3.9.900.20250220-2013\jars\plexus-component-annotations-2.1.0.jar
2025-07-20 14:03:23,332 [Worker-6: Launching mavenrun-23f736ee-e6ee-47a4-abe1-ac86061fd12a] INFO  o.eclipse.m2e.core.internal.Bundles - 	Entry: C:\Users\ale_v\.p2\pool\plugins\org.eclipse.m2e.maven.runtime_3.9.900.20250220-2013\jars\plexus-interpolation-1.27.jar
2025-07-20 14:03:23,333 [Worker-6: Launching mavenrun-23f736ee-e6ee-47a4-abe1-ac86061fd12a] INFO  o.eclipse.m2e.core.internal.Bundles - 	Entry: C:\Users\ale_v\.p2\pool\plugins\org.eclipse.m2e.maven.runtime_3.9.900.20250220-2013\jars\plexus-sec-dispatcher-2.0.jar
2025-07-20 14:03:23,333 [Worker-6: Launching mavenrun-23f736ee-e6ee-47a4-abe1-ac86061fd12a] INFO  o.eclipse.m2e.core.internal.Bundles - 	Entry: C:\Users\ale_v\.p2\pool\plugins\org.eclipse.m2e.maven.runtime_3.9.900.20250220-2013\jars\plexus-utils-3.5.1.jar
2025-07-20 14:03:23,333 [Worker-6: Launching mavenrun-23f736ee-e6ee-47a4-abe1-ac86061fd12a] INFO  o.eclipse.m2e.core.internal.Bundles - 	Entry: C:\Users\ale_v\.p2\pool\plugins\org.eclipse.m2e.maven.runtime_3.9.900.20250220-2013\jars\plexus-xml-3.0.1.jar
2025-07-20 14:03:23,333 [Worker-6: Launching mavenrun-23f736ee-e6ee-47a4-abe1-ac86061fd12a] INFO  o.eclipse.m2e.core.internal.Bundles - 	Entry: C:\Users\ale_v\.p2\pool\plugins\org.eclipse.m2e.maven.runtime_3.9.900.20250220-2013\jars\wagon-file-3.5.3.jar
2025-07-20 14:03:23,333 [Worker-6: Launching mavenrun-23f736ee-e6ee-47a4-abe1-ac86061fd12a] INFO  o.eclipse.m2e.core.internal.Bundles - 	Entry: C:\Users\ale_v\.p2\pool\plugins\org.eclipse.m2e.maven.runtime_3.9.900.20250220-2013\jars\wagon-http-3.5.3.jar
2025-07-20 14:03:23,333 [Worker-6: Launching mavenrun-23f736ee-e6ee-47a4-abe1-ac86061fd12a] INFO  o.eclipse.m2e.core.internal.Bundles - 	Entry: C:\Users\ale_v\.p2\pool\plugins\org.eclipse.m2e.maven.runtime_3.9.900.20250220-2013\jars\wagon-http-shared-3.5.3.jar
2025-07-20 14:03:23,333 [Worker-6: Launching mavenrun-23f736ee-e6ee-47a4-abe1-ac86061fd12a] INFO  o.eclipse.m2e.core.internal.Bundles - 	Entry: C:\Users\ale_v\.p2\pool\plugins\org.eclipse.m2e.maven.runtime_3.9.900.20250220-2013\jars\wagon-provider-api-3.5.3.jar
2025-07-20 14:03:23,335 [Worker-6: Launching mavenrun-23f736ee-e6ee-47a4-abe1-ac86061fd12a] INFO  o.eclipse.m2e.core.internal.Bundles - getClasspathEntries(Bundle=com.google.guava_33.4.8.jre [769])
2025-07-20 14:03:23,336 [Worker-6: Launching mavenrun-23f736ee-e6ee-47a4-abe1-ac86061fd12a] INFO  o.eclipse.m2e.core.internal.Bundles - 	Entry: C:\Users\ale_v\.p2\pool\plugins\com.google.guava_33.4.8.jre.jar
2025-07-20 14:03:23,336 [Worker-6: Launching mavenrun-23f736ee-e6ee-47a4-abe1-ac86061fd12a] INFO  o.eclipse.m2e.core.internal.Bundles - getClasspathEntries(Bundle=slf4j.api_2.0.17 [522])
2025-07-20 14:03:23,337 [Worker-6: Launching mavenrun-23f736ee-e6ee-47a4-abe1-ac86061fd12a] INFO  o.eclipse.m2e.core.internal.Bundles - 	Entry: C:\Users\ale_v\.p2\pool\plugins\slf4j.api_2.0.17.jar
2025-07-20 14:03:23,337 [Worker-6: Launching mavenrun-23f736ee-e6ee-47a4-abe1-ac86061fd12a] INFO  o.eclipse.m2e.core.internal.Bundles - getClasspathEntries(Bundle=jakarta.inject.jakarta.inject-api_1.0.5 [24])
2025-07-20 14:03:23,337 [Worker-6: Launching mavenrun-23f736ee-e6ee-47a4-abe1-ac86061fd12a] INFO  o.eclipse.m2e.core.internal.Bundles - 	Entry: C:\Users\ale_v\.p2\pool\plugins\jakarta.inject.jakarta.inject-api_1.0.5.jar
2025-07-20 14:03:23,337 [Worker-6: Launching mavenrun-23f736ee-e6ee-47a4-abe1-ac86061fd12a] INFO  o.eclipse.m2e.core.internal.Bundles - getClasspathEntries(Bundle=javax.annotation_1.3.5.v20200909-1856 [770])
2025-07-20 14:03:23,337 [Worker-6: Launching mavenrun-23f736ee-e6ee-47a4-abe1-ac86061fd12a] INFO  o.eclipse.m2e.core.internal.Bundles - 	Entry: C:\Users\ale_v\.p2\pool\plugins\javax.annotation_1.3.5.v20200909-1856.jar
2025-07-20 14:03:23,337 [Worker-6: Launching mavenrun-23f736ee-e6ee-47a4-abe1-ac86061fd12a] INFO  o.eclipse.m2e.core.internal.Bundles - getClasspathEntries(Bundle=org.apache.commons.cli_1.9.0 [48])
2025-07-20 14:03:23,338 [Worker-6: Launching mavenrun-23f736ee-e6ee-47a4-abe1-ac86061fd12a] INFO  o.eclipse.m2e.core.internal.Bundles - 	Entry: C:\Users\ale_v\.p2\pool\plugins\org.apache.commons.cli_1.9.0.jar
2025-07-20 14:03:23,338 [Worker-6: Launching mavenrun-23f736ee-e6ee-47a4-abe1-ac86061fd12a] INFO  o.eclipse.m2e.core.internal.Bundles - getClasspathEntries(Bundle=org.apache.commons.commons-codec_1.16.0 [49])
2025-07-20 14:03:23,338 [Worker-6: Launching mavenrun-23f736ee-e6ee-47a4-abe1-ac86061fd12a] INFO  o.eclipse.m2e.core.internal.Bundles - 	Entry: C:\Users\ale_v\.p2\pool\plugins\org.apache.commons.commons-codec_1.16.0.jar
2025-07-20 14:03:23,338 [Worker-6: Launching mavenrun-23f736ee-e6ee-47a4-abe1-ac86061fd12a] INFO  o.eclipse.m2e.core.internal.Bundles - getClasspathEntries(Bundle=com.google.guava.failureaccess_1.0.3 [526])
2025-07-20 14:03:23,338 [Worker-6: Launching mavenrun-23f736ee-e6ee-47a4-abe1-ac86061fd12a] INFO  o.eclipse.m2e.core.internal.Bundles - 	Entry: C:\Users\ale_v\.p2\pool\plugins\com.google.guava.failureaccess_1.0.3.jar
2025-07-20 14:03:23,343 [Worker-6: Launching mavenrun-23f736ee-e6ee-47a4-abe1-ac86061fd12a] INFO  o.e.m.i.launch.MavenLaunchDelegate - Run build in "C:\Users\ale_v\AppData\Local\Temp\m2e-archetypeGenerator16654544165298527325":
2025-07-20 14:03:23,347 [Worker-6: Launching mavenrun-23f736ee-e6ee-47a4-abe1-ac86061fd12a] INFO  o.e.m.i.launch.MavenLaunchDelegate -  mvn  -Djavafx-version=13 -Djavafx-maven-plugin-version=0.0.6 -Dadd-debug-configuration=N -DarchetypeGroupId=org.openjfx -DarchetypeArtifactId=javafx-archetype-simple -DarchetypeVersion=0.0.6 -DgroupId=ProyectoApp1 -DartifactId=PortalInvonacion -Dversion=0.0.1-SNAPSHOT -Dpackage=ProyectoApp1.PortalInvonacion -DoutputDirectory=C:\Users\ale_v\eclipse-ProyectoApps -Dstyle.color=always -U archetype:generate
2025-07-20 14:04:07,165 [Worker-22: Creating javafx-archetype-simple] INFO  o.e.m.c.i.p.ProjectConfigurationManager - Collecting project info '/pom.xml' C:\Users\ale_v\eclipse-ProyectoApps\PortalInvonacion\pom.xml
2025-07-20 14:04:10,027 [Worker-22: Creating javafx-archetype-simple] INFO  o.e.m.c.i.l.LifecycleMappingFactory - Using org.eclipse.m2e.jdt.JarLifecycleMapping lifecycle mapping for MavenProject: ProyectoApp1:PortalInvonacion:0.0.1-SNAPSHOT @ C:\Users\ale_v\eclipse-ProyectoApps\PortalInvonacion\pom.xml.
2025-07-20 14:04:10,475 [Worker-22: Creating javafx-archetype-simple] INFO  o.e.m.j.i.AbstractJavaProjectConfigurator - Adding source folder /PortalInvonacion/src/main/java
2025-07-20 14:04:10,476 [Worker-22: Creating javafx-archetype-simple] INFO  o.e.m.j.i.AbstractJavaProjectConfigurator - Adding resource folder /PortalInvonacion/src/main/resources
2025-07-20 14:04:10,477 [Worker-22: Creating javafx-archetype-simple] INFO  o.e.m.j.i.AbstractJavaProjectConfigurator - Adding source folder /PortalInvonacion/src/test/java
2025-07-20 14:04:10,478 [Worker-22: Creating javafx-archetype-simple] INFO  o.e.m.j.i.AbstractJavaProjectConfigurator - Adding resource folder /PortalInvonacion/src/test/resources
2025-07-20 14:04:11,073 [Worker-22: Creating javafx-archetype-simple] INFO  o.e.m.c.i.p.ProjectConfigurationManager - Imported and configured 1 project(s) in 3 sec
2025-07-20 14:04:11,610 [Worker-23: Building] INFO  o.a.m.s.f.DefaultMavenResourcesFiltering - skip non existing resourceDirectory C:\Users\ale_v\eclipse-ProyectoApps\PortalInvonacion\src\main\resources
2025-07-20 14:04:11,613 [Worker-23: Building] INFO  o.a.m.s.f.DefaultMavenResourcesFiltering - skip non existing resourceDirectory C:\Users\ale_v\eclipse-ProyectoApps\PortalInvonacion\src\test\resources
2025-07-20 14:05:02,161 [Worker-3: Launching mavenrun-a853ce03-7f29-4f12-9b85-d1319a7ef3b0] INFO  o.eclipse.m2e.core.internal.Bundles - getClasspathEntries(Bundle=org.eclipse.m2e.maven.runtime_3.9.900.20250220-2013 [298])
2025-07-20 14:05:02,162 [Worker-3: Launching mavenrun-a853ce03-7f29-4f12-9b85-d1319a7ef3b0] INFO  o.eclipse.m2e.core.internal.Bundles - 	Entry: C:\Users\ale_v\.p2\pool\plugins\org.eclipse.m2e.maven.runtime_3.9.900.20250220-2013
2025-07-20 14:05:02,163 [Worker-3: Launching mavenrun-a853ce03-7f29-4f12-9b85-d1319a7ef3b0] INFO  o.eclipse.m2e.core.internal.Bundles - 	Entry: C:\Users\ale_v\.p2\pool\plugins\org.eclipse.m2e.maven.runtime_3.9.900.20250220-2013\jars\aopalliance-1.0.jar
2025-07-20 14:05:02,163 [Worker-3: Launching mavenrun-a853ce03-7f29-4f12-9b85-d1319a7ef3b0] INFO  o.eclipse.m2e.core.internal.Bundles - 	Entry: C:\Users\ale_v\.p2\pool\plugins\org.eclipse.m2e.maven.runtime_3.9.900.20250220-2013\jars\guice-5.1.0.jar
2025-07-20 14:05:02,163 [Worker-3: Launching mavenrun-a853ce03-7f29-4f12-9b85-d1319a7ef3b0] INFO  o.eclipse.m2e.core.internal.Bundles - 	Entry: C:\Users\ale_v\.p2\pool\plugins\org.eclipse.m2e.maven.runtime_3.9.900.20250220-2013\jars\httpclient-4.5.14.jar
2025-07-20 14:05:02,163 [Worker-3: Launching mavenrun-a853ce03-7f29-4f12-9b85-d1319a7ef3b0] INFO  o.eclipse.m2e.core.internal.Bundles - 	Entry: C:\Users\ale_v\.p2\pool\plugins\org.eclipse.m2e.maven.runtime_3.9.900.20250220-2013\jars\httpcore-4.4.16.jar
2025-07-20 14:05:02,163 [Worker-3: Launching mavenrun-a853ce03-7f29-4f12-9b85-d1319a7ef3b0] INFO  o.eclipse.m2e.core.internal.Bundles - 	Entry: C:\Users\ale_v\.p2\pool\plugins\org.eclipse.m2e.maven.runtime_3.9.900.20250220-2013\jars\jansi-2.4.1.jar
2025-07-20 14:05:02,163 [Worker-3: Launching mavenrun-a853ce03-7f29-4f12-9b85-d1319a7ef3b0] INFO  o.eclipse.m2e.core.internal.Bundles - 	Entry: C:\Users\ale_v\.p2\pool\plugins\org.eclipse.m2e.maven.runtime_3.9.900.20250220-2013\jars\jcl-over-slf4j-1.7.36.jar
2025-07-20 14:05:02,163 [Worker-3: Launching mavenrun-a853ce03-7f29-4f12-9b85-d1319a7ef3b0] INFO  o.eclipse.m2e.core.internal.Bundles - 	Entry: C:\Users\ale_v\.p2\pool\plugins\org.eclipse.m2e.maven.runtime_3.9.900.20250220-2013\jars\maven-artifact-3.9.9.jar
2025-07-20 14:05:02,163 [Worker-3: Launching mavenrun-a853ce03-7f29-4f12-9b85-d1319a7ef3b0] INFO  o.eclipse.m2e.core.internal.Bundles - 	Entry: C:\Users\ale_v\.p2\pool\plugins\org.eclipse.m2e.maven.runtime_3.9.900.20250220-2013\jars\maven-builder-support-3.9.9.jar
2025-07-20 14:05:02,163 [Worker-3: Launching mavenrun-a853ce03-7f29-4f12-9b85-d1319a7ef3b0] INFO  o.eclipse.m2e.core.internal.Bundles - 	Entry: C:\Users\ale_v\.p2\pool\plugins\org.eclipse.m2e.maven.runtime_3.9.900.20250220-2013\jars\maven-compat-3.9.9.jar
2025-07-20 14:05:02,164 [Worker-3: Launching mavenrun-a853ce03-7f29-4f12-9b85-d1319a7ef3b0] INFO  o.eclipse.m2e.core.internal.Bundles - 	Entry: C:\Users\ale_v\.p2\pool\plugins\org.eclipse.m2e.maven.runtime_3.9.900.20250220-2013\jars\maven-core-3.9.9.jar
2025-07-20 14:05:02,164 [Worker-3: Launching mavenrun-a853ce03-7f29-4f12-9b85-d1319a7ef3b0] INFO  o.eclipse.m2e.core.internal.Bundles - 	Entry: C:\Users\ale_v\.p2\pool\plugins\org.eclipse.m2e.maven.runtime_3.9.900.20250220-2013\jars\maven-embedder-3.9.9.jar
2025-07-20 14:05:02,164 [Worker-3: Launching mavenrun-a853ce03-7f29-4f12-9b85-d1319a7ef3b0] INFO  o.eclipse.m2e.core.internal.Bundles - 	Entry: C:\Users\ale_v\.p2\pool\plugins\org.eclipse.m2e.maven.runtime_3.9.900.20250220-2013\jars\maven-model-3.9.9.jar
2025-07-20 14:05:02,164 [Worker-3: Launching mavenrun-a853ce03-7f29-4f12-9b85-d1319a7ef3b0] INFO  o.eclipse.m2e.core.internal.Bundles - 	Entry: C:\Users\ale_v\.p2\pool\plugins\org.eclipse.m2e.maven.runtime_3.9.900.20250220-2013\jars\maven-model-builder-3.9.9.jar
2025-07-20 14:05:02,164 [Worker-3: Launching mavenrun-a853ce03-7f29-4f12-9b85-d1319a7ef3b0] INFO  o.eclipse.m2e.core.internal.Bundles - 	Entry: C:\Users\ale_v\.p2\pool\plugins\org.eclipse.m2e.maven.runtime_3.9.900.20250220-2013\jars\maven-plugin-api-3.9.9.jar
2025-07-20 14:05:02,164 [Worker-3: Launching mavenrun-a853ce03-7f29-4f12-9b85-d1319a7ef3b0] INFO  o.eclipse.m2e.core.internal.Bundles - 	Entry: C:\Users\ale_v\.p2\pool\plugins\org.eclipse.m2e.maven.runtime_3.9.900.20250220-2013\jars\maven-repository-metadata-3.9.9.jar
2025-07-20 14:05:02,164 [Worker-3: Launching mavenrun-a853ce03-7f29-4f12-9b85-d1319a7ef3b0] INFO  o.eclipse.m2e.core.internal.Bundles - 	Entry: C:\Users\ale_v\.p2\pool\plugins\org.eclipse.m2e.maven.runtime_3.9.900.20250220-2013\jars\maven-resolver-api-1.9.22.jar
2025-07-20 14:05:02,164 [Worker-3: Launching mavenrun-a853ce03-7f29-4f12-9b85-d1319a7ef3b0] INFO  o.eclipse.m2e.core.internal.Bundles - 	Entry: C:\Users\ale_v\.p2\pool\plugins\org.eclipse.m2e.maven.runtime_3.9.900.20250220-2013\jars\maven-resolver-connector-basic-1.9.22.jar
2025-07-20 14:05:02,164 [Worker-3: Launching mavenrun-a853ce03-7f29-4f12-9b85-d1319a7ef3b0] INFO  o.eclipse.m2e.core.internal.Bundles - 	Entry: C:\Users\ale_v\.p2\pool\plugins\org.eclipse.m2e.maven.runtime_3.9.900.20250220-2013\jars\maven-resolver-impl-1.9.22.jar
2025-07-20 14:05:02,165 [Worker-3: Launching mavenrun-a853ce03-7f29-4f12-9b85-d1319a7ef3b0] INFO  o.eclipse.m2e.core.internal.Bundles - 	Entry: C:\Users\ale_v\.p2\pool\plugins\org.eclipse.m2e.maven.runtime_3.9.900.20250220-2013\jars\maven-resolver-named-locks-1.9.22.jar
2025-07-20 14:05:02,165 [Worker-3: Launching mavenrun-a853ce03-7f29-4f12-9b85-d1319a7ef3b0] INFO  o.eclipse.m2e.core.internal.Bundles - 	Entry: C:\Users\ale_v\.p2\pool\plugins\org.eclipse.m2e.maven.runtime_3.9.900.20250220-2013\jars\maven-resolver-provider-3.9.9.jar
2025-07-20 14:05:02,165 [Worker-3: Launching mavenrun-a853ce03-7f29-4f12-9b85-d1319a7ef3b0] INFO  o.eclipse.m2e.core.internal.Bundles - 	Entry: C:\Users\ale_v\.p2\pool\plugins\org.eclipse.m2e.maven.runtime_3.9.900.20250220-2013\jars\maven-resolver-spi-1.9.22.jar
2025-07-20 14:05:02,165 [Worker-3: Launching mavenrun-a853ce03-7f29-4f12-9b85-d1319a7ef3b0] INFO  o.eclipse.m2e.core.internal.Bundles - 	Entry: C:\Users\ale_v\.p2\pool\plugins\org.eclipse.m2e.maven.runtime_3.9.900.20250220-2013\jars\maven-resolver-transport-file-1.9.22.jar
2025-07-20 14:05:02,165 [Worker-3: Launching mavenrun-a853ce03-7f29-4f12-9b85-d1319a7ef3b0] INFO  o.eclipse.m2e.core.internal.Bundles - 	Entry: C:\Users\ale_v\.p2\pool\plugins\org.eclipse.m2e.maven.runtime_3.9.900.20250220-2013\jars\maven-resolver-transport-http-1.9.22.jar
2025-07-20 14:05:02,165 [Worker-3: Launching mavenrun-a853ce03-7f29-4f12-9b85-d1319a7ef3b0] INFO  o.eclipse.m2e.core.internal.Bundles - 	Entry: C:\Users\ale_v\.p2\pool\plugins\org.eclipse.m2e.maven.runtime_3.9.900.20250220-2013\jars\maven-resolver-transport-wagon-1.9.22.jar
2025-07-20 14:05:02,165 [Worker-3: Launching mavenrun-a853ce03-7f29-4f12-9b85-d1319a7ef3b0] INFO  o.eclipse.m2e.core.internal.Bundles - 	Entry: C:\Users\ale_v\.p2\pool\plugins\org.eclipse.m2e.maven.runtime_3.9.900.20250220-2013\jars\maven-resolver-util-1.9.22.jar
2025-07-20 14:05:02,165 [Worker-3: Launching mavenrun-a853ce03-7f29-4f12-9b85-d1319a7ef3b0] INFO  o.eclipse.m2e.core.internal.Bundles - 	Entry: C:\Users\ale_v\.p2\pool\plugins\org.eclipse.m2e.maven.runtime_3.9.900.20250220-2013\jars\maven-settings-3.9.9.jar
2025-07-20 14:05:02,165 [Worker-3: Launching mavenrun-a853ce03-7f29-4f12-9b85-d1319a7ef3b0] INFO  o.eclipse.m2e.core.internal.Bundles - 	Entry: C:\Users\ale_v\.p2\pool\plugins\org.eclipse.m2e.maven.runtime_3.9.900.20250220-2013\jars\maven-settings-builder-3.9.9.jar
2025-07-20 14:05:02,165 [Worker-3: Launching mavenrun-a853ce03-7f29-4f12-9b85-d1319a7ef3b0] INFO  o.eclipse.m2e.core.internal.Bundles - 	Entry: C:\Users\ale_v\.p2\pool\plugins\org.eclipse.m2e.maven.runtime_3.9.900.20250220-2013\jars\maven-shared-utils-3.4.2.jar
2025-07-20 14:05:02,166 [Worker-3: Launching mavenrun-a853ce03-7f29-4f12-9b85-d1319a7ef3b0] INFO  o.eclipse.m2e.core.internal.Bundles - 	Entry: C:\Users\ale_v\.p2\pool\plugins\org.eclipse.m2e.maven.runtime_3.9.900.20250220-2013\jars\org.eclipse.sisu.inject-0.9.0.M3.jar
2025-07-20 14:05:02,166 [Worker-3: Launching mavenrun-a853ce03-7f29-4f12-9b85-d1319a7ef3b0] INFO  o.eclipse.m2e.core.internal.Bundles - 	Entry: C:\Users\ale_v\.p2\pool\plugins\org.eclipse.m2e.maven.runtime_3.9.900.20250220-2013\jars\org.eclipse.sisu.plexus-0.9.0.M3.jar
2025-07-20 14:05:02,166 [Worker-3: Launching mavenrun-a853ce03-7f29-4f12-9b85-d1319a7ef3b0] INFO  o.eclipse.m2e.core.internal.Bundles - 	Entry: C:\Users\ale_v\.p2\pool\plugins\org.eclipse.m2e.maven.runtime_3.9.900.20250220-2013\jars\plexus-build-api-0.0.7.jar
2025-07-20 14:05:02,166 [Worker-3: Launching mavenrun-a853ce03-7f29-4f12-9b85-d1319a7ef3b0] INFO  o.eclipse.m2e.core.internal.Bundles - 	Entry: C:\Users\ale_v\.p2\pool\plugins\org.eclipse.m2e.maven.runtime_3.9.900.20250220-2013\jars\plexus-build-api-1.2.0.jar
2025-07-20 14:05:02,166 [Worker-3: Launching mavenrun-a853ce03-7f29-4f12-9b85-d1319a7ef3b0] INFO  o.eclipse.m2e.core.internal.Bundles - 	Entry: C:\Users\ale_v\.p2\pool\plugins\org.eclipse.m2e.maven.runtime_3.9.900.20250220-2013\jars\plexus-cipher-2.0.jar
2025-07-20 14:05:02,166 [Worker-3: Launching mavenrun-a853ce03-7f29-4f12-9b85-d1319a7ef3b0] INFO  o.eclipse.m2e.core.internal.Bundles - 	Entry: C:\Users\ale_v\.p2\pool\plugins\org.eclipse.m2e.maven.runtime_3.9.900.20250220-2013\jars\plexus-classworlds-2.8.0.jar
2025-07-20 14:05:02,166 [Worker-3: Launching mavenrun-a853ce03-7f29-4f12-9b85-d1319a7ef3b0] INFO  o.eclipse.m2e.core.internal.Bundles - 	Entry: C:\Users\ale_v\.p2\pool\plugins\org.eclipse.m2e.maven.runtime_3.9.900.20250220-2013\jars\plexus-component-annotations-2.1.0.jar
2025-07-20 14:05:02,166 [Worker-3: Launching mavenrun-a853ce03-7f29-4f12-9b85-d1319a7ef3b0] INFO  o.eclipse.m2e.core.internal.Bundles - 	Entry: C:\Users\ale_v\.p2\pool\plugins\org.eclipse.m2e.maven.runtime_3.9.900.20250220-2013\jars\plexus-interpolation-1.27.jar
2025-07-20 14:05:02,166 [Worker-3: Launching mavenrun-a853ce03-7f29-4f12-9b85-d1319a7ef3b0] INFO  o.eclipse.m2e.core.internal.Bundles - 	Entry: C:\Users\ale_v\.p2\pool\plugins\org.eclipse.m2e.maven.runtime_3.9.900.20250220-2013\jars\plexus-sec-dispatcher-2.0.jar
2025-07-20 14:05:02,166 [Worker-3: Launching mavenrun-a853ce03-7f29-4f12-9b85-d1319a7ef3b0] INFO  o.eclipse.m2e.core.internal.Bundles - 	Entry: C:\Users\ale_v\.p2\pool\plugins\org.eclipse.m2e.maven.runtime_3.9.900.20250220-2013\jars\plexus-utils-3.5.1.jar
2025-07-20 14:05:02,167 [Worker-3: Launching mavenrun-a853ce03-7f29-4f12-9b85-d1319a7ef3b0] INFO  o.eclipse.m2e.core.internal.Bundles - 	Entry: C:\Users\ale_v\.p2\pool\plugins\org.eclipse.m2e.maven.runtime_3.9.900.20250220-2013\jars\plexus-xml-3.0.1.jar
2025-07-20 14:05:02,167 [Worker-3: Launching mavenrun-a853ce03-7f29-4f12-9b85-d1319a7ef3b0] INFO  o.eclipse.m2e.core.internal.Bundles - 	Entry: C:\Users\ale_v\.p2\pool\plugins\org.eclipse.m2e.maven.runtime_3.9.900.20250220-2013\jars\wagon-file-3.5.3.jar
2025-07-20 14:05:02,167 [Worker-3: Launching mavenrun-a853ce03-7f29-4f12-9b85-d1319a7ef3b0] INFO  o.eclipse.m2e.core.internal.Bundles - 	Entry: C:\Users\ale_v\.p2\pool\plugins\org.eclipse.m2e.maven.runtime_3.9.900.20250220-2013\jars\wagon-http-3.5.3.jar
2025-07-20 14:05:02,167 [Worker-3: Launching mavenrun-a853ce03-7f29-4f12-9b85-d1319a7ef3b0] INFO  o.eclipse.m2e.core.internal.Bundles - 	Entry: C:\Users\ale_v\.p2\pool\plugins\org.eclipse.m2e.maven.runtime_3.9.900.20250220-2013\jars\wagon-http-shared-3.5.3.jar
2025-07-20 14:05:02,167 [Worker-3: Launching mavenrun-a853ce03-7f29-4f12-9b85-d1319a7ef3b0] INFO  o.eclipse.m2e.core.internal.Bundles - 	Entry: C:\Users\ale_v\.p2\pool\plugins\org.eclipse.m2e.maven.runtime_3.9.900.20250220-2013\jars\wagon-provider-api-3.5.3.jar
2025-07-20 14:05:02,167 [Worker-3: Launching mavenrun-a853ce03-7f29-4f12-9b85-d1319a7ef3b0] INFO  o.eclipse.m2e.core.internal.Bundles - getClasspathEntries(Bundle=com.google.guava_33.4.8.jre [769])
2025-07-20 14:05:02,168 [Worker-3: Launching mavenrun-a853ce03-7f29-4f12-9b85-d1319a7ef3b0] INFO  o.eclipse.m2e.core.internal.Bundles - 	Entry: C:\Users\ale_v\.p2\pool\plugins\com.google.guava_33.4.8.jre.jar
2025-07-20 14:05:02,168 [Worker-3: Launching mavenrun-a853ce03-7f29-4f12-9b85-d1319a7ef3b0] INFO  o.eclipse.m2e.core.internal.Bundles - getClasspathEntries(Bundle=slf4j.api_2.0.17 [522])
2025-07-20 14:05:02,168 [Worker-3: Launching mavenrun-a853ce03-7f29-4f12-9b85-d1319a7ef3b0] INFO  o.eclipse.m2e.core.internal.Bundles - 	Entry: C:\Users\ale_v\.p2\pool\plugins\slf4j.api_2.0.17.jar
2025-07-20 14:05:02,168 [Worker-3: Launching mavenrun-a853ce03-7f29-4f12-9b85-d1319a7ef3b0] INFO  o.eclipse.m2e.core.internal.Bundles - getClasspathEntries(Bundle=jakarta.inject.jakarta.inject-api_1.0.5 [24])
2025-07-20 14:05:02,168 [Worker-3: Launching mavenrun-a853ce03-7f29-4f12-9b85-d1319a7ef3b0] INFO  o.eclipse.m2e.core.internal.Bundles - 	Entry: C:\Users\ale_v\.p2\pool\plugins\jakarta.inject.jakarta.inject-api_1.0.5.jar
2025-07-20 14:05:02,168 [Worker-3: Launching mavenrun-a853ce03-7f29-4f12-9b85-d1319a7ef3b0] INFO  o.eclipse.m2e.core.internal.Bundles - getClasspathEntries(Bundle=javax.annotation_1.3.5.v20200909-1856 [770])
2025-07-20 14:05:02,168 [Worker-3: Launching mavenrun-a853ce03-7f29-4f12-9b85-d1319a7ef3b0] INFO  o.eclipse.m2e.core.internal.Bundles - 	Entry: C:\Users\ale_v\.p2\pool\plugins\javax.annotation_1.3.5.v20200909-1856.jar
2025-07-20 14:05:02,169 [Worker-3: Launching mavenrun-a853ce03-7f29-4f12-9b85-d1319a7ef3b0] INFO  o.eclipse.m2e.core.internal.Bundles - getClasspathEntries(Bundle=org.apache.commons.cli_1.9.0 [48])
2025-07-20 14:05:02,169 [Worker-3: Launching mavenrun-a853ce03-7f29-4f12-9b85-d1319a7ef3b0] INFO  o.eclipse.m2e.core.internal.Bundles - 	Entry: C:\Users\ale_v\.p2\pool\plugins\org.apache.commons.cli_1.9.0.jar
2025-07-20 14:05:02,169 [Worker-3: Launching mavenrun-a853ce03-7f29-4f12-9b85-d1319a7ef3b0] INFO  o.eclipse.m2e.core.internal.Bundles - getClasspathEntries(Bundle=org.apache.commons.commons-codec_1.16.0 [49])
2025-07-20 14:05:02,169 [Worker-3: Launching mavenrun-a853ce03-7f29-4f12-9b85-d1319a7ef3b0] INFO  o.eclipse.m2e.core.internal.Bundles - 	Entry: C:\Users\ale_v\.p2\pool\plugins\org.apache.commons.commons-codec_1.16.0.jar
2025-07-20 14:05:02,169 [Worker-3: Launching mavenrun-a853ce03-7f29-4f12-9b85-d1319a7ef3b0] INFO  o.eclipse.m2e.core.internal.Bundles - getClasspathEntries(Bundle=com.google.guava.failureaccess_1.0.3 [526])
2025-07-20 14:05:02,170 [Worker-3: Launching mavenrun-a853ce03-7f29-4f12-9b85-d1319a7ef3b0] INFO  o.eclipse.m2e.core.internal.Bundles - 	Entry: C:\Users\ale_v\.p2\pool\plugins\com.google.guava.failureaccess_1.0.3.jar
2025-07-20 14:05:02,171 [Worker-3: Launching mavenrun-a853ce03-7f29-4f12-9b85-d1319a7ef3b0] INFO  o.e.m.i.launch.MavenLaunchDelegate - Run build in "C:\Users\ale_v\AppData\Local\Temp\m2e-archetypeGenerator17299159699364419693":
2025-07-20 14:05:02,171 [Worker-3: Launching mavenrun-a853ce03-7f29-4f12-9b85-d1319a7ef3b0] INFO  o.e.m.i.launch.MavenLaunchDelegate -  mvn  -Djavafx-version=13 -Djavafx-maven-plugin-version=0.0.6 -Dadd-debug-configuration=N -DarchetypeGroupId=org.openjfx -DarchetypeArtifactId=javafx-archetype-simple -DarchetypeVersion=0.0.6 -DgroupId=ProyectoApp2 -DartifactId=SistemaBancario -Dversion=0.0.1-SNAPSHOT -Dpackage=ProyectoApp2.SistemaBancario -DoutputDirectory=C:\Users\ale_v\eclipse-ProyectoApps -Dstyle.color=always -U archetype:generate
2025-07-20 14:05:24,271 [Worker-21: Creating javafx-archetype-simple] INFO  o.e.m.c.i.p.ProjectConfigurationManager - Collecting project info '/pom.xml' C:\Users\ale_v\eclipse-ProyectoApps\SistemaBancario\pom.xml
2025-07-20 14:05:24,336 [Worker-21: Creating javafx-archetype-simple] INFO  o.e.m.c.i.l.LifecycleMappingFactory - Using org.eclipse.m2e.jdt.JarLifecycleMapping lifecycle mapping for MavenProject: ProyectoApp2:SistemaBancario:0.0.1-SNAPSHOT @ C:\Users\ale_v\eclipse-ProyectoApps\SistemaBancario\pom.xml.
2025-07-20 14:05:24,394 [Worker-21: Creating javafx-archetype-simple] INFO  o.e.m.j.i.AbstractJavaProjectConfigurator - Adding source folder /SistemaBancario/src/main/java
2025-07-20 14:05:24,395 [Worker-21: Creating javafx-archetype-simple] INFO  o.e.m.j.i.AbstractJavaProjectConfigurator - Adding resource folder /SistemaBancario/src/main/resources
2025-07-20 14:05:24,395 [Worker-21: Creating javafx-archetype-simple] INFO  o.e.m.j.i.AbstractJavaProjectConfigurator - Adding source folder /SistemaBancario/src/test/java
2025-07-20 14:05:24,396 [Worker-21: Creating javafx-archetype-simple] INFO  o.e.m.j.i.AbstractJavaProjectConfigurator - Adding resource folder /SistemaBancario/src/test/resources
2025-07-20 14:05:24,449 [Worker-21: Creating javafx-archetype-simple] INFO  o.e.m.c.i.p.ProjectConfigurationManager - Imported and configured 1 project(s) in 0 sec
2025-07-20 14:05:24,633 [Worker-21: Building] INFO  o.a.m.s.f.DefaultMavenResourcesFiltering - skip non existing resourceDirectory C:\Users\ale_v\eclipse-ProyectoApps\SistemaBancario\src\main\resources
2025-07-20 14:05:24,636 [Worker-21: Building] INFO  o.a.m.s.f.DefaultMavenResourcesFiltering - skip non existing resourceDirectory C:\Users\ale_v\eclipse-ProyectoApps\SistemaBancario\src\test\resources
